[debug] [2022-04-12T00:37:24.517Z] ----------------------------------------------------------------------
[debug] [2022-04-12T00:37:24.519Z] Command:       C:\Program Files\nodejs\node.exe C:\Users\Antonio\AppData\Roaming\npm\node_modules\firebase-tools\lib\bin\firebase.js emulators:start --only functions
[debug] [2022-04-12T00:37:24.519Z] CLI Version:   10.6.0
[debug] [2022-04-12T00:37:24.520Z] Platform:      win32
[debug] [2022-04-12T00:37:24.520Z] Node Version:  v16.13.2
[debug] [2022-04-12T00:37:24.531Z] Time:          Mon Apr 11 2022 21:37:24 GMT-0300 (Horário Padrão de Brasília)
[debug] [2022-04-12T00:37:24.531Z] ----------------------------------------------------------------------
[debug] 
[debug] [2022-04-12T00:37:24.636Z] > command requires scopes: ["email","openid","https://www.googleapis.com/auth/cloudplatformprojects.readonly","https://www.googleapis.com/auth/firebase","https://www.googleapis.com/auth/cloud-platform"]
[debug] [2022-04-12T00:37:24.637Z] > authorizing via signed-in user (toninhm96@gmail.com)
[info] i  emulators: Starting emulators: functions {"metadata":{"emulator":{"name":"hub"},"message":"Starting emulators: functions"}}
[warn] !  emulators: It seems that you are running multiple instances of the emulator suite for project mealstogo-7c4a7. This may result in unexpected behavior. 
[debug] [2022-04-12T00:37:24.670Z] [hub] writing locator at C:\Users\Antonio\AppData\Local\Temp\hub-mealstogo-7c4a7.json
[warn] !  functions: The following emulators are not running, calls to these services from the Functions emulator will affect production: auth, firestore, database, hosting, pubsub, storage {"metadata":{"emulator":{"name":"functions"},"message":"The following emulators are not running, calls to these services from the Functions emulator will affect production: \u001b[1mauth, firestore, database, hosting, pubsub, storage\u001b[22m"}}
[info] +  functions: Using node@16 from host. {"metadata":{"emulator":{"name":"functions"},"message":"Using node@16 from host."}}
[debug] [2022-04-12T00:37:24.709Z] defaultcredentials: writing to file C:\Users\Antonio\AppData\Roaming\firebase\toninhm96_gmail_com_application_default_credentials.json
[debug] [2022-04-12T00:37:24.717Z] Setting GAC to C:\Users\Antonio\AppData\Roaming\firebase\toninhm96_gmail_com_application_default_credentials.json {"metadata":{"emulator":{"name":"functions"},"message":"Setting GAC to C:\\Users\\Antonio\\AppData\\Roaming\\firebase\\toninhm96_gmail_com_application_default_credentials.json"}}
[debug] [2022-04-12T00:37:24.721Z] > refreshing access token with scopes: []
[debug] [2022-04-12T00:37:24.722Z] >>> HTTP REQUEST POST https://www.googleapis.com/oauth2/v3/token  
 <request body omitted>
[debug] [2022-04-12T00:37:24.958Z] <<< HTTP RESPONSE 200 {"pragma":"no-cache","date":"Tue, 12 Apr 2022 00:35:52 GMT","expires":"Mon, 01 Jan 1990 00:00:00 GMT","cache-control":"no-cache, no-store, max-age=0, must-revalidate","content-type":"application/json; charset=utf-8","vary":"X-Origin, Referer, Origin,Accept-Encoding","server":"scaffolding on HTTPServer2","x-xss-protection":"0","x-frame-options":"SAMEORIGIN","x-content-type-options":"nosniff","alt-svc":"h3=\":443\"; ma=2592000,h3-29=\":443\"; ma=2592000,h3-Q050=\":443\"; ma=2592000,h3-Q046=\":443\"; ma=2592000,h3-Q043=\":443\"; ma=2592000,quic=\":443\"; ma=2592000; v=\"46,43\"","accept-ranges":"none","transfer-encoding":"chunked"}
[debug] [2022-04-12T00:37:24.975Z] >>> [apiv2][query] GET https://firebase.googleapis.com/v1beta1/projects/mealstogo-7c4a7/adminSdkConfig [none]
[debug] [2022-04-12T00:37:26.127Z] <<< [apiv2][status] GET https://firebase.googleapis.com/v1beta1/projects/mealstogo-7c4a7/adminSdkConfig 200
[debug] [2022-04-12T00:37:26.127Z] <<< [apiv2][body] GET https://firebase.googleapis.com/v1beta1/projects/mealstogo-7c4a7/adminSdkConfig {"projectId":"mealstogo-7c4a7","storageBucket":"mealstogo-7c4a7.appspot.com"}
[debug] [2022-04-12T00:37:26.146Z] Ignoring unsupported arg: auto_download {"metadata":{"emulator":{"name":"ui"},"message":"Ignoring unsupported arg: auto_download"}}
[debug] [2022-04-12T00:37:26.146Z] Ignoring unsupported arg: port {"metadata":{"emulator":{"name":"ui"},"message":"Ignoring unsupported arg: port"}}
[debug] [2022-04-12T00:37:26.146Z] Starting Emulator UI with command {"binary":"node","args":["C:\\Users\\Antonio\\.cache\\firebase\\emulators\\ui-v1.6.5\\server.bundle.js"],"optionalArgs":[],"joinArgs":false} {"metadata":{"emulator":{"name":"ui"},"message":"Starting Emulator UI with command {\"binary\":\"node\",\"args\":[\"C:\\\\Users\\\\Antonio\\\\.cache\\\\firebase\\\\emulators\\\\ui-v1.6.5\\\\server.bundle.js\"],\"optionalArgs\":[],\"joinArgs\":false}"}}
[info] i  ui: Emulator UI logging to ui-debug.log {"metadata":{"emulator":{"name":"ui"},"message":"Emulator UI logging to \u001b[1mui-debug.log\u001b[22m"}}
[debug] [2022-04-12T00:37:26.367Z] Web / API server started at localhost:4000
 {"metadata":{"emulator":{"name":"ui"},"message":"Web / API server started at localhost:4000\n"}}
[info] i  functions: Watching "D:\Projetos\React Native\mealstogo\functions" for Cloud Functions... {"metadata":{"emulator":{"name":"functions"},"message":"Watching \"D:\\Projetos\\React Native\\mealstogo\\functions\" for Cloud Functions..."}}
[debug] [2022-04-12T00:37:26.425Z] Validating nodejs source
[debug] [2022-04-12T00:37:31.409Z] > [functions] package.json contents: {
  "name": "functions",
  "description": "Cloud Functions for Firebase",
  "scripts": {
    "serve": "firebase emulators:start --only functions",
    "shell": "firebase functions:shell",
    "start": "npm run shell",
    "deploy": "firebase deploy --only functions",
    "logs": "firebase functions:log"
  },
  "engines": {
    "node": "16"
  },
  "main": "index.js",
  "dependencies": {
    "firebase-admin": "^10.0.2",
    "firebase-functions": "^3.18.0"
  },
  "devDependencies": {
    "firebase-functions-test": "^0.2.0"
  },
  "private": true
}
[debug] [2022-04-12T00:37:31.410Z] Building nodejs source
[debug] [2022-04-12T00:37:31.410Z] Analyzing nodejs backend spec
[info] +  functions[us-central1-geocode]: http function initialized (http://localhost:5001/mealstogo-7c4a7/us-central1/geocode). {"metadata":{"emulator":{"name":"functions"},"message":"\u001b[1mhttp\u001b[22m function initialized (http://localhost:5001/mealstogo-7c4a7/us-central1/geocode)."}}
[info] +  functions[us-central1-placesNearby]: http function initialized (http://localhost:5001/mealstogo-7c4a7/us-central1/placesNearby). {"metadata":{"emulator":{"name":"functions"},"message":"\u001b[1mhttp\u001b[22m function initialized (http://localhost:5001/mealstogo-7c4a7/us-central1/placesNearby)."}}
[info] 
┌─────────────────────────────────────────────────────────────┐
│ ✔  All emulators ready! It is now safe to connect your app. │
│ i  View Emulator UI at http://localhost:4000                │
└─────────────────────────────────────────────────────────────┘

┌───────────┬────────────────┬─────────────────────────────────┐
│ Emulator  │ Host:Port      │ View in Emulator UI             │
├───────────┼────────────────┼─────────────────────────────────┤
│ Functions │ localhost:5001 │ http://localhost:4000/functions │
└───────────┴────────────────┴─────────────────────────────────┘
  Emulator Hub running at localhost:4400
  Other reserved ports: 4500

Issues? Report them at https://github.com/firebase/firebase-tools/issues and attach the *-debug.log files.
 
